<?xml version="1.0" encoding="UTF-8"?>
<robot generator="Robot 4.1.2 (Python 3.9.1 on win32)" generated="20220314 20:11:13.007" rpa="false" schemaversion="2">
<suite id="s1" name="Swaglab" source="D:\DOJOBOX\Web Automation\TDD-RobotFramework\steps\swaglab.robot">
<kw name="Open Browser" library="SeleniumLibrary" type="SETUP">
<arg>${webURL}</arg>
<arg>${BROWSERS}</arg>
<doc>Opens a new browser instance to the optional ``url``.</doc>
<msg timestamp="20220314 20:11:14.588" level="INFO">Opening browser 'headlesschrome' to base url 'https://www.saucedemo.com/'.</msg>
<status status="PASS" starttime="20220314 20:11:14.587" endtime="20220314 20:11:24.332"/>
</kw>
<test id="s1-t1" name="Login with invalid username and invalid password using CSV file">
<kw name="I login with invalid username and invalid password">
<arg>standard_user1</arg>
<arg>abcde123</arg>
<kw name="Maximize Browser Window" library="SeleniumLibrary">
<doc>Maximizes current browser window.</doc>
<status status="PASS" starttime="20220314 20:11:24.351" endtime="20220314 20:11:24.530"/>
</kw>
<kw name="Input Text" library="SeleniumLibrary">
<arg>id:user-name</arg>
<arg>${username}</arg>
<doc>Types the given ``text`` into the text field identified by ``locator``.</doc>
<msg timestamp="20220314 20:11:24.533" level="INFO">Typing text 'standard_user1' into text field 'id:user-name'.</msg>
<status status="PASS" starttime="20220314 20:11:24.531" endtime="20220314 20:11:25.147"/>
</kw>
<kw name="Input Text" library="SeleniumLibrary">
<arg>id:password</arg>
<arg>${password}</arg>
<doc>Types the given ``text`` into the text field identified by ``locator``.</doc>
<msg timestamp="20220314 20:11:25.150" level="INFO">Typing text 'abcde123' into text field 'id:password'.</msg>
<status status="PASS" starttime="20220314 20:11:25.148" endtime="20220314 20:11:25.786"/>
</kw>
<kw name="Click Button" library="SeleniumLibrary">
<arg>id:login-button</arg>
<doc>Clicks the button identified by ``locator``.</doc>
<msg timestamp="20220314 20:11:25.789" level="INFO">Clicking button 'id:login-button'.</msg>
<status status="PASS" starttime="20220314 20:11:25.787" endtime="20220314 20:11:26.210"/>
</kw>
<kw name="Element Should Be Visible" library="SeleniumLibrary">
<arg>//h3[@data-test="error"]</arg>
<doc>Verifies that the element identified by ``locator`` is visible.</doc>
<msg timestamp="20220314 20:11:26.323" level="INFO">Element '//h3[@data-test="error"]' is displayed.</msg>
<status status="PASS" starttime="20220314 20:11:26.211" endtime="20220314 20:11:26.323"/>
</kw>
<kw name="Page Should Contain" library="SeleniumLibrary">
<arg>Epic sadface: Username and password do not match any user in this service</arg>
<doc>Verifies that current page contains ``text``.</doc>
<msg timestamp="20220314 20:11:26.395" level="INFO">Current page contains text 'Epic sadface: Username and password do not match any user in this service'.</msg>
<status status="PASS" starttime="20220314 20:11:26.324" endtime="20220314 20:11:26.396"/>
</kw>
<status status="PASS" starttime="20220314 20:11:24.347" endtime="20220314 20:11:26.397"/>
</kw>
<status status="PASS" starttime="20220314 20:11:24.333" endtime="20220314 20:11:26.399"/>
</test>
<test id="s1-t2" name="Login with invalid username and invalid password using CSV file">
<kw name="I login with invalid username and invalid password">
<arg>standard_user2</arg>
<arg>abcde123</arg>
<kw name="Maximize Browser Window" library="SeleniumLibrary">
<doc>Maximizes current browser window.</doc>
<status status="PASS" starttime="20220314 20:11:26.420" endtime="20220314 20:11:26.437"/>
</kw>
<kw name="Input Text" library="SeleniumLibrary">
<arg>id:user-name</arg>
<arg>${username}</arg>
<doc>Types the given ``text`` into the text field identified by ``locator``.</doc>
<msg timestamp="20220314 20:11:26.445" level="INFO">Typing text 'standard_user2' into text field 'id:user-name'.</msg>
<status status="PASS" starttime="20220314 20:11:26.438" endtime="20220314 20:11:26.890"/>
</kw>
<kw name="Input Text" library="SeleniumLibrary">
<arg>id:password</arg>
<arg>${password}</arg>
<doc>Types the given ``text`` into the text field identified by ``locator``.</doc>
<msg timestamp="20220314 20:11:26.892" level="INFO">Typing text 'abcde123' into text field 'id:password'.</msg>
<status status="PASS" starttime="20220314 20:11:26.891" endtime="20220314 20:11:27.218"/>
</kw>
<kw name="Click Button" library="SeleniumLibrary">
<arg>id:login-button</arg>
<doc>Clicks the button identified by ``locator``.</doc>
<msg timestamp="20220314 20:11:27.220" level="INFO">Clicking button 'id:login-button'.</msg>
<status status="PASS" starttime="20220314 20:11:27.219" endtime="20220314 20:11:27.356"/>
</kw>
<kw name="Element Should Be Visible" library="SeleniumLibrary">
<arg>//h3[@data-test="error"]</arg>
<doc>Verifies that the element identified by ``locator`` is visible.</doc>
<msg timestamp="20220314 20:11:27.446" level="INFO">Element '//h3[@data-test="error"]' is displayed.</msg>
<status status="PASS" starttime="20220314 20:11:27.356" endtime="20220314 20:11:27.447"/>
</kw>
<kw name="Page Should Contain" library="SeleniumLibrary">
<arg>Epic sadface: Username and password do not match any user in this service</arg>
<doc>Verifies that current page contains ``text``.</doc>
<msg timestamp="20220314 20:11:27.485" level="INFO">Current page contains text 'Epic sadface: Username and password do not match any user in this service'.</msg>
<status status="PASS" starttime="20220314 20:11:27.448" endtime="20220314 20:11:27.486"/>
</kw>
<status status="PASS" starttime="20220314 20:11:26.416" endtime="20220314 20:11:27.487"/>
</kw>
<status status="PASS" starttime="20220314 20:11:26.404" endtime="20220314 20:11:27.489"/>
</test>
<test id="s1-t3" name="Login with invalid username and invalid password using CSV file">
<kw name="I login with invalid username and invalid password">
<arg>standard_user3</arg>
<arg>abcde123</arg>
<kw name="Maximize Browser Window" library="SeleniumLibrary">
<doc>Maximizes current browser window.</doc>
<status status="PASS" starttime="20220314 20:11:27.505" endtime="20220314 20:11:27.517"/>
</kw>
<kw name="Input Text" library="SeleniumLibrary">
<arg>id:user-name</arg>
<arg>${username}</arg>
<doc>Types the given ``text`` into the text field identified by ``locator``.</doc>
<msg timestamp="20220314 20:11:27.520" level="INFO">Typing text 'standard_user3' into text field 'id:user-name'.</msg>
<status status="PASS" starttime="20220314 20:11:27.518" endtime="20220314 20:11:27.940"/>
</kw>
<kw name="Input Text" library="SeleniumLibrary">
<arg>id:password</arg>
<arg>${password}</arg>
<doc>Types the given ``text`` into the text field identified by ``locator``.</doc>
<msg timestamp="20220314 20:11:27.944" level="INFO">Typing text 'abcde123' into text field 'id:password'.</msg>
<status status="PASS" starttime="20220314 20:11:27.941" endtime="20220314 20:11:28.243"/>
</kw>
<kw name="Click Button" library="SeleniumLibrary">
<arg>id:login-button</arg>
<doc>Clicks the button identified by ``locator``.</doc>
<msg timestamp="20220314 20:11:28.244" level="INFO">Clicking button 'id:login-button'.</msg>
<status status="PASS" starttime="20220314 20:11:28.243" endtime="20220314 20:11:28.392"/>
</kw>
<kw name="Element Should Be Visible" library="SeleniumLibrary">
<arg>//h3[@data-test="error"]</arg>
<doc>Verifies that the element identified by ``locator`` is visible.</doc>
<msg timestamp="20220314 20:11:28.455" level="INFO">Element '//h3[@data-test="error"]' is displayed.</msg>
<status status="PASS" starttime="20220314 20:11:28.394" endtime="20220314 20:11:28.456"/>
</kw>
<kw name="Page Should Contain" library="SeleniumLibrary">
<arg>Epic sadface: Username and password do not match any user in this service</arg>
<doc>Verifies that current page contains ``text``.</doc>
<msg timestamp="20220314 20:11:28.489" level="INFO">Current page contains text 'Epic sadface: Username and password do not match any user in this service'.</msg>
<status status="PASS" starttime="20220314 20:11:28.457" endtime="20220314 20:11:28.489"/>
</kw>
<status status="PASS" starttime="20220314 20:11:27.502" endtime="20220314 20:11:28.490"/>
</kw>
<status status="PASS" starttime="20220314 20:11:27.494" endtime="20220314 20:11:28.491"/>
</test>
<test id="s1-t4" name="Login with invalid username and invalid password using CSV file">
<kw name="I login with invalid username and invalid password">
<arg>standard_user4</arg>
<arg>abcde123</arg>
<kw name="Maximize Browser Window" library="SeleniumLibrary">
<doc>Maximizes current browser window.</doc>
<status status="PASS" starttime="20220314 20:11:28.511" endtime="20220314 20:11:28.528"/>
</kw>
<kw name="Input Text" library="SeleniumLibrary">
<arg>id:user-name</arg>
<arg>${username}</arg>
<doc>Types the given ``text`` into the text field identified by ``locator``.</doc>
<msg timestamp="20220314 20:11:28.531" level="INFO">Typing text 'standard_user4' into text field 'id:user-name'.</msg>
<status status="PASS" starttime="20220314 20:11:28.529" endtime="20220314 20:11:29.002"/>
</kw>
<kw name="Input Text" library="SeleniumLibrary">
<arg>id:password</arg>
<arg>${password}</arg>
<doc>Types the given ``text`` into the text field identified by ``locator``.</doc>
<msg timestamp="20220314 20:11:29.004" level="INFO">Typing text 'abcde123' into text field 'id:password'.</msg>
<status status="PASS" starttime="20220314 20:11:29.002" endtime="20220314 20:11:29.308"/>
</kw>
<kw name="Click Button" library="SeleniumLibrary">
<arg>id:login-button</arg>
<doc>Clicks the button identified by ``locator``.</doc>
<msg timestamp="20220314 20:11:29.310" level="INFO">Clicking button 'id:login-button'.</msg>
<status status="PASS" starttime="20220314 20:11:29.308" endtime="20220314 20:11:29.490"/>
</kw>
<kw name="Element Should Be Visible" library="SeleniumLibrary">
<arg>//h3[@data-test="error"]</arg>
<doc>Verifies that the element identified by ``locator`` is visible.</doc>
<msg timestamp="20220314 20:11:29.565" level="INFO">Element '//h3[@data-test="error"]' is displayed.</msg>
<status status="PASS" starttime="20220314 20:11:29.491" endtime="20220314 20:11:29.566"/>
</kw>
<kw name="Page Should Contain" library="SeleniumLibrary">
<arg>Epic sadface: Username and password do not match any user in this service</arg>
<doc>Verifies that current page contains ``text``.</doc>
<msg timestamp="20220314 20:11:29.600" level="INFO">Current page contains text 'Epic sadface: Username and password do not match any user in this service'.</msg>
<status status="PASS" starttime="20220314 20:11:29.566" endtime="20220314 20:11:29.600"/>
</kw>
<status status="PASS" starttime="20220314 20:11:28.508" endtime="20220314 20:11:29.601"/>
</kw>
<status status="PASS" starttime="20220314 20:11:28.498" endtime="20220314 20:11:29.602"/>
</test>
<test id="s1-t5" name="Login with invalid username and invalid password using CSV file">
<kw name="I login with invalid username and invalid password">
<arg>standard_user5</arg>
<arg>abcde123</arg>
<kw name="Maximize Browser Window" library="SeleniumLibrary">
<doc>Maximizes current browser window.</doc>
<status status="PASS" starttime="20220314 20:11:29.616" endtime="20220314 20:11:29.626"/>
</kw>
<kw name="Input Text" library="SeleniumLibrary">
<arg>id:user-name</arg>
<arg>${username}</arg>
<doc>Types the given ``text`` into the text field identified by ``locator``.</doc>
<msg timestamp="20220314 20:11:29.629" level="INFO">Typing text 'standard_user5' into text field 'id:user-name'.</msg>
<status status="PASS" starttime="20220314 20:11:29.627" endtime="20220314 20:11:30.095"/>
</kw>
<kw name="Input Text" library="SeleniumLibrary">
<arg>id:password</arg>
<arg>${password}</arg>
<doc>Types the given ``text`` into the text field identified by ``locator``.</doc>
<msg timestamp="20220314 20:11:30.097" level="INFO">Typing text 'abcde123' into text field 'id:password'.</msg>
<status status="PASS" starttime="20220314 20:11:30.095" endtime="20220314 20:11:30.486"/>
</kw>
<kw name="Click Button" library="SeleniumLibrary">
<arg>id:login-button</arg>
<doc>Clicks the button identified by ``locator``.</doc>
<msg timestamp="20220314 20:11:30.488" level="INFO">Clicking button 'id:login-button'.</msg>
<status status="PASS" starttime="20220314 20:11:30.487" endtime="20220314 20:11:30.613"/>
</kw>
<kw name="Element Should Be Visible" library="SeleniumLibrary">
<arg>//h3[@data-test="error"]</arg>
<doc>Verifies that the element identified by ``locator`` is visible.</doc>
<msg timestamp="20220314 20:11:30.672" level="INFO">Element '//h3[@data-test="error"]' is displayed.</msg>
<status status="PASS" starttime="20220314 20:11:30.613" endtime="20220314 20:11:30.672"/>
</kw>
<kw name="Page Should Contain" library="SeleniumLibrary">
<arg>Epic sadface: Username and password do not match any user in this service</arg>
<doc>Verifies that current page contains ``text``.</doc>
<msg timestamp="20220314 20:11:30.705" level="INFO">Current page contains text 'Epic sadface: Username and password do not match any user in this service'.</msg>
<status status="PASS" starttime="20220314 20:11:30.673" endtime="20220314 20:11:30.705"/>
</kw>
<status status="PASS" starttime="20220314 20:11:29.614" endtime="20220314 20:11:30.706"/>
</kw>
<status status="PASS" starttime="20220314 20:11:29.607" endtime="20220314 20:11:30.708"/>
</test>
<test id="s1-t6" name="Login with invalid username and invalid password using CSV file">
<kw name="I login with invalid username and invalid password">
<arg>standard_user6</arg>
<arg>abcde123</arg>
<kw name="Maximize Browser Window" library="SeleniumLibrary">
<doc>Maximizes current browser window.</doc>
<status status="PASS" starttime="20220314 20:11:30.726" endtime="20220314 20:11:30.741"/>
</kw>
<kw name="Input Text" library="SeleniumLibrary">
<arg>id:user-name</arg>
<arg>${username}</arg>
<doc>Types the given ``text`` into the text field identified by ``locator``.</doc>
<msg timestamp="20220314 20:11:30.744" level="INFO">Typing text 'standard_user6' into text field 'id:user-name'.</msg>
<status status="PASS" starttime="20220314 20:11:30.742" endtime="20220314 20:11:31.155"/>
</kw>
<kw name="Input Text" library="SeleniumLibrary">
<arg>id:password</arg>
<arg>${password}</arg>
<doc>Types the given ``text`` into the text field identified by ``locator``.</doc>
<msg timestamp="20220314 20:11:31.158" level="INFO">Typing text 'abcde123' into text field 'id:password'.</msg>
<status status="PASS" starttime="20220314 20:11:31.156" endtime="20220314 20:11:31.496"/>
</kw>
<kw name="Click Button" library="SeleniumLibrary">
<arg>id:login-button</arg>
<doc>Clicks the button identified by ``locator``.</doc>
<msg timestamp="20220314 20:11:31.498" level="INFO">Clicking button 'id:login-button'.</msg>
<status status="PASS" starttime="20220314 20:11:31.497" endtime="20220314 20:11:31.658"/>
</kw>
<kw name="Element Should Be Visible" library="SeleniumLibrary">
<arg>//h3[@data-test="error"]</arg>
<doc>Verifies that the element identified by ``locator`` is visible.</doc>
<msg timestamp="20220314 20:11:31.739" level="INFO">Element '//h3[@data-test="error"]' is displayed.</msg>
<status status="PASS" starttime="20220314 20:11:31.659" endtime="20220314 20:11:31.739"/>
</kw>
<kw name="Page Should Contain" library="SeleniumLibrary">
<arg>Epic sadface: Username and password do not match any user in this service</arg>
<doc>Verifies that current page contains ``text``.</doc>
<msg timestamp="20220314 20:11:31.772" level="INFO">Current page contains text 'Epic sadface: Username and password do not match any user in this service'.</msg>
<status status="PASS" starttime="20220314 20:11:31.740" endtime="20220314 20:11:31.772"/>
</kw>
<status status="PASS" starttime="20220314 20:11:30.722" endtime="20220314 20:11:31.773"/>
</kw>
<status status="PASS" starttime="20220314 20:11:30.713" endtime="20220314 20:11:31.774"/>
</test>
<test id="s1-t7" name="Login with invalid username and invalid password using CSV file">
<kw name="I login with invalid username and invalid password">
<arg>standard_user7</arg>
<arg>abcde123</arg>
<kw name="Maximize Browser Window" library="SeleniumLibrary">
<doc>Maximizes current browser window.</doc>
<status status="PASS" starttime="20220314 20:11:31.792" endtime="20220314 20:11:31.802"/>
</kw>
<kw name="Input Text" library="SeleniumLibrary">
<arg>id:user-name</arg>
<arg>${username}</arg>
<doc>Types the given ``text`` into the text field identified by ``locator``.</doc>
<msg timestamp="20220314 20:11:31.805" level="INFO">Typing text 'standard_user7' into text field 'id:user-name'.</msg>
<status status="PASS" starttime="20220314 20:11:31.803" endtime="20220314 20:11:32.225"/>
</kw>
<kw name="Input Text" library="SeleniumLibrary">
<arg>id:password</arg>
<arg>${password}</arg>
<doc>Types the given ``text`` into the text field identified by ``locator``.</doc>
<msg timestamp="20220314 20:11:32.227" level="INFO">Typing text 'abcde123' into text field 'id:password'.</msg>
<status status="PASS" starttime="20220314 20:11:32.225" endtime="20220314 20:11:32.571"/>
</kw>
<kw name="Click Button" library="SeleniumLibrary">
<arg>id:login-button</arg>
<doc>Clicks the button identified by ``locator``.</doc>
<msg timestamp="20220314 20:11:32.573" level="INFO">Clicking button 'id:login-button'.</msg>
<status status="PASS" starttime="20220314 20:11:32.572" endtime="20220314 20:11:32.713"/>
</kw>
<kw name="Element Should Be Visible" library="SeleniumLibrary">
<arg>//h3[@data-test="error"]</arg>
<doc>Verifies that the element identified by ``locator`` is visible.</doc>
<msg timestamp="20220314 20:11:32.780" level="INFO">Element '//h3[@data-test="error"]' is displayed.</msg>
<status status="PASS" starttime="20220314 20:11:32.714" endtime="20220314 20:11:32.780"/>
</kw>
<kw name="Page Should Contain" library="SeleniumLibrary">
<arg>Epic sadface: Username and password do not match any user in this service</arg>
<doc>Verifies that current page contains ``text``.</doc>
<msg timestamp="20220314 20:11:32.814" level="INFO">Current page contains text 'Epic sadface: Username and password do not match any user in this service'.</msg>
<status status="PASS" starttime="20220314 20:11:32.781" endtime="20220314 20:11:32.814"/>
</kw>
<status status="PASS" starttime="20220314 20:11:31.789" endtime="20220314 20:11:32.815"/>
</kw>
<status status="PASS" starttime="20220314 20:11:31.779" endtime="20220314 20:11:32.816"/>
</test>
<test id="s1-t8" name="Login with invalid username and invalid password using CSV file">
<kw name="I login with invalid username and invalid password">
<arg>standard_user8</arg>
<arg>abcde123</arg>
<kw name="Maximize Browser Window" library="SeleniumLibrary">
<doc>Maximizes current browser window.</doc>
<status status="PASS" starttime="20220314 20:11:32.835" endtime="20220314 20:11:32.847"/>
</kw>
<kw name="Input Text" library="SeleniumLibrary">
<arg>id:user-name</arg>
<arg>${username}</arg>
<doc>Types the given ``text`` into the text field identified by ``locator``.</doc>
<msg timestamp="20220314 20:11:32.851" level="INFO">Typing text 'standard_user8' into text field 'id:user-name'.</msg>
<status status="PASS" starttime="20220314 20:11:32.848" endtime="20220314 20:11:33.225"/>
</kw>
<kw name="Input Text" library="SeleniumLibrary">
<arg>id:password</arg>
<arg>${password}</arg>
<doc>Types the given ``text`` into the text field identified by ``locator``.</doc>
<msg timestamp="20220314 20:11:33.227" level="INFO">Typing text 'abcde123' into text field 'id:password'.</msg>
<status status="PASS" starttime="20220314 20:11:33.225" endtime="20220314 20:11:33.544"/>
</kw>
<kw name="Click Button" library="SeleniumLibrary">
<arg>id:login-button</arg>
<doc>Clicks the button identified by ``locator``.</doc>
<msg timestamp="20220314 20:11:33.546" level="INFO">Clicking button 'id:login-button'.</msg>
<status status="PASS" starttime="20220314 20:11:33.545" endtime="20220314 20:11:33.694"/>
</kw>
<kw name="Element Should Be Visible" library="SeleniumLibrary">
<arg>//h3[@data-test="error"]</arg>
<doc>Verifies that the element identified by ``locator`` is visible.</doc>
<msg timestamp="20220314 20:11:33.780" level="INFO">Element '//h3[@data-test="error"]' is displayed.</msg>
<status status="PASS" starttime="20220314 20:11:33.695" endtime="20220314 20:11:33.781"/>
</kw>
<kw name="Page Should Contain" library="SeleniumLibrary">
<arg>Epic sadface: Username and password do not match any user in this service</arg>
<doc>Verifies that current page contains ``text``.</doc>
<msg timestamp="20220314 20:11:33.837" level="INFO">Current page contains text 'Epic sadface: Username and password do not match any user in this service'.</msg>
<status status="PASS" starttime="20220314 20:11:33.782" endtime="20220314 20:11:33.837"/>
</kw>
<status status="PASS" starttime="20220314 20:11:32.833" endtime="20220314 20:11:33.838"/>
</kw>
<status status="PASS" starttime="20220314 20:11:32.822" endtime="20220314 20:11:33.839"/>
</test>
<test id="s1-t9" name="Login with invalid username and invalid password using CSV file">
<kw name="I login with invalid username and invalid password">
<arg>standard_user9</arg>
<arg>abcde123</arg>
<kw name="Maximize Browser Window" library="SeleniumLibrary">
<doc>Maximizes current browser window.</doc>
<status status="PASS" starttime="20220314 20:11:33.863" endtime="20220314 20:11:33.883"/>
</kw>
<kw name="Input Text" library="SeleniumLibrary">
<arg>id:user-name</arg>
<arg>${username}</arg>
<doc>Types the given ``text`` into the text field identified by ``locator``.</doc>
<msg timestamp="20220314 20:11:33.886" level="INFO">Typing text 'standard_user9' into text field 'id:user-name'.</msg>
<status status="PASS" starttime="20220314 20:11:33.884" endtime="20220314 20:11:34.287"/>
</kw>
<kw name="Input Text" library="SeleniumLibrary">
<arg>id:password</arg>
<arg>${password}</arg>
<doc>Types the given ``text`` into the text field identified by ``locator``.</doc>
<msg timestamp="20220314 20:11:34.289" level="INFO">Typing text 'abcde123' into text field 'id:password'.</msg>
<status status="PASS" starttime="20220314 20:11:34.287" endtime="20220314 20:11:34.621"/>
</kw>
<kw name="Click Button" library="SeleniumLibrary">
<arg>id:login-button</arg>
<doc>Clicks the button identified by ``locator``.</doc>
<msg timestamp="20220314 20:11:34.623" level="INFO">Clicking button 'id:login-button'.</msg>
<status status="PASS" starttime="20220314 20:11:34.622" endtime="20220314 20:11:34.753"/>
</kw>
<kw name="Element Should Be Visible" library="SeleniumLibrary">
<arg>//h3[@data-test="error"]</arg>
<doc>Verifies that the element identified by ``locator`` is visible.</doc>
<msg timestamp="20220314 20:11:34.818" level="INFO">Element '//h3[@data-test="error"]' is displayed.</msg>
<status status="PASS" starttime="20220314 20:11:34.753" endtime="20220314 20:11:34.819"/>
</kw>
<kw name="Page Should Contain" library="SeleniumLibrary">
<arg>Epic sadface: Username and password do not match any user in this service</arg>
<doc>Verifies that current page contains ``text``.</doc>
<msg timestamp="20220314 20:11:34.861" level="INFO">Current page contains text 'Epic sadface: Username and password do not match any user in this service'.</msg>
<status status="PASS" starttime="20220314 20:11:34.820" endtime="20220314 20:11:34.862"/>
</kw>
<status status="PASS" starttime="20220314 20:11:33.859" endtime="20220314 20:11:34.863"/>
</kw>
<status status="PASS" starttime="20220314 20:11:33.846" endtime="20220314 20:11:34.871"/>
</test>
<test id="s1-t10" name="Login with invalid username and invalid password using CSV file">
<kw name="I login with invalid username and invalid password">
<arg>standard_user10</arg>
<arg>abcde123</arg>
<kw name="Maximize Browser Window" library="SeleniumLibrary">
<doc>Maximizes current browser window.</doc>
<status status="PASS" starttime="20220314 20:11:34.890" endtime="20220314 20:11:34.899"/>
</kw>
<kw name="Input Text" library="SeleniumLibrary">
<arg>id:user-name</arg>
<arg>${username}</arg>
<doc>Types the given ``text`` into the text field identified by ``locator``.</doc>
<msg timestamp="20220314 20:11:34.902" level="INFO">Typing text 'standard_user10' into text field 'id:user-name'.</msg>
<status status="PASS" starttime="20220314 20:11:34.900" endtime="20220314 20:11:35.356"/>
</kw>
<kw name="Input Text" library="SeleniumLibrary">
<arg>id:password</arg>
<arg>${password}</arg>
<doc>Types the given ``text`` into the text field identified by ``locator``.</doc>
<msg timestamp="20220314 20:11:35.360" level="INFO">Typing text 'abcde123' into text field 'id:password'.</msg>
<status status="PASS" starttime="20220314 20:11:35.357" endtime="20220314 20:11:35.683"/>
</kw>
<kw name="Click Button" library="SeleniumLibrary">
<arg>id:login-button</arg>
<doc>Clicks the button identified by ``locator``.</doc>
<msg timestamp="20220314 20:11:35.686" level="INFO">Clicking button 'id:login-button'.</msg>
<status status="PASS" starttime="20220314 20:11:35.684" endtime="20220314 20:11:35.838"/>
</kw>
<kw name="Element Should Be Visible" library="SeleniumLibrary">
<arg>//h3[@data-test="error"]</arg>
<doc>Verifies that the element identified by ``locator`` is visible.</doc>
<msg timestamp="20220314 20:11:35.908" level="INFO">Element '//h3[@data-test="error"]' is displayed.</msg>
<status status="PASS" starttime="20220314 20:11:35.839" endtime="20220314 20:11:35.908"/>
</kw>
<kw name="Page Should Contain" library="SeleniumLibrary">
<arg>Epic sadface: Username and password do not match any user in this service</arg>
<doc>Verifies that current page contains ``text``.</doc>
<msg timestamp="20220314 20:11:35.951" level="INFO">Current page contains text 'Epic sadface: Username and password do not match any user in this service'.</msg>
<status status="PASS" starttime="20220314 20:11:35.909" endtime="20220314 20:11:35.952"/>
</kw>
<status status="PASS" starttime="20220314 20:11:34.886" endtime="20220314 20:11:35.953"/>
</kw>
<status status="PASS" starttime="20220314 20:11:34.877" endtime="20220314 20:11:35.958"/>
</test>
<kw name="Close Browser" library="SeleniumLibrary" type="TEARDOWN">
<doc>Closes the current browser.</doc>
<status status="PASS" starttime="20220314 20:11:35.969" endtime="20220314 20:11:38.250"/>
</kw>
<status status="PASS" starttime="20220314 20:11:13.021" endtime="20220314 20:11:38.250"/>
</suite>
<statistics>
<total>
<stat pass="10" fail="0" skip="0">All Tests</stat>
</total>
<tag>
</tag>
<suite>
<stat pass="10" fail="0" skip="0" id="s1" name="Swaglab">Swaglab</stat>
</suite>
</statistics>
<errors>
<msg timestamp="20220314 20:11:26.402" level="WARN">Multiple test cases with name 'Login with invalid username and invalid password using CSV file' executed in test suite 'Swaglab'.</msg>
<msg timestamp="20220314 20:11:27.492" level="WARN">Multiple test cases with name 'Login with invalid username and invalid password using CSV file' executed in test suite 'Swaglab'.</msg>
<msg timestamp="20220314 20:11:28.495" level="WARN">Multiple test cases with name 'Login with invalid username and invalid password using CSV file' executed in test suite 'Swaglab'.</msg>
<msg timestamp="20220314 20:11:29.606" level="WARN">Multiple test cases with name 'Login with invalid username and invalid password using CSV file' executed in test suite 'Swaglab'.</msg>
<msg timestamp="20220314 20:11:30.711" level="WARN">Multiple test cases with name 'Login with invalid username and invalid password using CSV file' executed in test suite 'Swaglab'.</msg>
<msg timestamp="20220314 20:11:31.778" level="WARN">Multiple test cases with name 'Login with invalid username and invalid password using CSV file' executed in test suite 'Swaglab'.</msg>
<msg timestamp="20220314 20:11:32.821" level="WARN">Multiple test cases with name 'Login with invalid username and invalid password using CSV file' executed in test suite 'Swaglab'.</msg>
<msg timestamp="20220314 20:11:33.843" level="WARN">Multiple test cases with name 'Login with invalid username and invalid password using CSV file' executed in test suite 'Swaglab'.</msg>
<msg timestamp="20220314 20:11:34.875" level="WARN">Multiple test cases with name 'Login with invalid username and invalid password using CSV file' executed in test suite 'Swaglab'.</msg>
</errors>
</robot>
